{"level":"info","message":"🚀 Server running in development mode on port 5000","service":"bid4service-api","timestamp":"2025-11-26 22:31:43"}
{"level":"info","message":"📚 API Documentation available at http://localhost:5000/api-docs","service":"bid4service-api","timestamp":"2025-11-26 22:31:43"}
{"ip":"::1","level":"error","message":"Invalid or expired token","method":"GET","name":"Error","service":"bid4service-api","stack":"Error: Invalid or expired token\n    at verifyToken (/Users/kennedy/Downloads/bid4service/backend/src/utils/jwt.ts:30:11)\n    at authenticate (/Users/kennedy/Downloads/bid4service/backend/src/middleware/auth.ts:40:44)\n    at Layer.handle [as handle_request] (/Users/kennedy/Downloads/bid4service/backend/node_modules/express/lib/router/layer.js:95:5)\n    at next (/Users/kennedy/Downloads/bid4service/backend/node_modules/express/lib/router/route.js:149:13)\n    at Route.dispatch (/Users/kennedy/Downloads/bid4service/backend/node_modules/express/lib/router/route.js:119:3)\n    at Layer.handle [as handle_request] (/Users/kennedy/Downloads/bid4service/backend/node_modules/express/lib/router/layer.js:95:5)\n    at /Users/kennedy/Downloads/bid4service/backend/node_modules/express/lib/router/index.js:284:15\n    at router.process_params (/Users/kennedy/Downloads/bid4service/backend/node_modules/express/lib/router/index.js:346:12)\n    at next (/Users/kennedy/Downloads/bid4service/backend/node_modules/express/lib/router/index.js:280:10)\n    at router.handle (/Users/kennedy/Downloads/bid4service/backend/node_modules/express/lib/router/index.js:175:3)","timestamp":"2025-11-26 22:32:08","url":"/api/v1/social/referrals/link"}
{"level":"info","message":"::1 - - [27/Nov/2025:03:32:08 +0000] \"GET /api/v1/social/referrals/link HTTP/1.1\" 500 51 \"-\" \"curl/8.7.1\"","service":"bid4service-api","timestamp":"2025-11-26 22:32:08"}
{"level":"info","message":"User logged in: patrick@test.com","service":"bid4service-api","timestamp":"2025-11-26 22:34:35"}
{"level":"info","message":"::1 - - [27/Nov/2025:03:34:35 +0000] \"POST /api/v1/auth/login HTTP/1.1\" 200 1067 \"-\" \"curl/8.7.1\"","service":"bid4service-api","timestamp":"2025-11-26 22:34:35"}
{"ip":"::1","level":"error","message":"Invalid or expired token","method":"GET","name":"Error","service":"bid4service-api","stack":"Error: Invalid or expired token\n    at verifyToken (/Users/kennedy/Downloads/bid4service/backend/src/utils/jwt.ts:30:11)\n    at authenticate (/Users/kennedy/Downloads/bid4service/backend/src/middleware/auth.ts:40:44)\n    at Layer.handle [as handle_request] (/Users/kennedy/Downloads/bid4service/backend/node_modules/express/lib/router/layer.js:95:5)\n    at next (/Users/kennedy/Downloads/bid4service/backend/node_modules/express/lib/router/route.js:149:13)\n    at Route.dispatch (/Users/kennedy/Downloads/bid4service/backend/node_modules/express/lib/router/route.js:119:3)\n    at Layer.handle [as handle_request] (/Users/kennedy/Downloads/bid4service/backend/node_modules/express/lib/router/layer.js:95:5)\n    at /Users/kennedy/Downloads/bid4service/backend/node_modules/express/lib/router/index.js:284:15\n    at router.process_params (/Users/kennedy/Downloads/bid4service/backend/node_modules/express/lib/router/index.js:346:12)\n    at next (/Users/kennedy/Downloads/bid4service/backend/node_modules/express/lib/router/index.js:280:10)\n    at router.handle (/Users/kennedy/Downloads/bid4service/backend/node_modules/express/lib/router/index.js:175:3)","timestamp":"2025-11-26 22:35:38","url":"/api/v1/social/referrals/link"}
{"level":"info","message":"::1 - - [27/Nov/2025:03:35:38 +0000] \"GET /api/v1/social/referrals/link HTTP/1.1\" 500 51 \"-\" \"curl/8.7.1\"","service":"bid4service-api","timestamp":"2025-11-26 22:35:38"}
{"level":"info","message":"🚀 Server running in development mode on port 5000","service":"bid4service-api","timestamp":"2025-11-26 22:38:09"}
{"level":"info","message":"📚 API Documentation available at http://localhost:5000/api-docs","service":"bid4service-api","timestamp":"2025-11-26 22:38:09"}
{"level":"info","message":"User logged in: patrick@test.com","service":"bid4service-api","timestamp":"2025-11-26 22:39:20"}
{"level":"info","message":"::1 - - [27/Nov/2025:03:39:20 +0000] \"POST /api/v1/auth/login HTTP/1.1\" 200 1089 \"-\" \"curl/8.7.1\"","service":"bid4service-api","timestamp":"2025-11-26 22:39:20"}
{"level":"info","message":"User logged in: patrick@test.com","service":"bid4service-api","timestamp":"2025-11-26 22:41:26"}
{"level":"info","message":"::1 - - [27/Nov/2025:03:41:26 +0000] \"POST /api/v1/auth/login HTTP/1.1\" 200 1089 \"-\" \"curl/8.7.1\"","service":"bid4service-api","timestamp":"2025-11-26 22:41:26"}
{"level":"info","message":"::1 - - [27/Nov/2025:03:42:55 +0000] \"GET /api/v1/social/referrals/link HTTP/1.1\" 401 53 \"-\" \"curl/8.7.1\"","service":"bid4service-api","timestamp":"2025-11-26 22:42:55"}
{"level":"info","message":"User logged in: patrick@test.com","service":"bid4service-api","timestamp":"2025-11-26 22:43:48"}
{"level":"info","message":"::1 - - [27/Nov/2025:03:43:48 +0000] \"POST /api/v1/auth/login HTTP/1.1\" 200 1089 \"-\" \"curl/8.7.1\"","service":"bid4service-api","timestamp":"2025-11-26 22:43:48"}
{"level":"info","message":"::1 - - [27/Nov/2025:03:43:54 +0000] \"GET /api/v1/social/referrals/link HTTP/1.1\" 401 53 \"-\" \"curl/8.7.1\"","service":"bid4service-api","timestamp":"2025-11-26 22:43:54"}
{"level":"info","message":"::1 - - [27/Nov/2025:03:45:24 +0000] \"GET /api/v1/social/referrals/link HTTP/1.1\" 401 53 \"-\" \"curl/8.7.1\"","service":"bid4service-api","timestamp":"2025-11-26 22:45:24"}
{"level":"info","message":"🚀 Server running in development mode on port 5000","service":"bid4service-api","timestamp":"2025-11-26 22:46:10"}
{"level":"info","message":"📚 API Documentation available at http://localhost:5000/api-docs","service":"bid4service-api","timestamp":"2025-11-26 22:46:10"}
{"level":"info","message":"::1 - - [27/Nov/2025:03:46:16 +0000] \"GET /api/v1/social/referrals/link HTTP/1.1\" 200 70 \"-\" \"curl/8.7.1\"","service":"bid4service-api","timestamp":"2025-11-26 22:46:16"}
{"level":"info","message":"🚀 Server running in development mode on port 5000","service":"bid4service-api","timestamp":"2025-11-26 22:59:17"}
{"level":"info","message":"📚 API Documentation available at http://localhost:5000/api-docs","service":"bid4service-api","timestamp":"2025-11-26 22:59:17"}
{"level":"info","message":"🚀 Server running in development mode on port 5000","service":"bid4service-api","timestamp":"2025-11-27 11:31:25"}
{"level":"info","message":"📚 API Documentation available at http://localhost:5000/api-docs","service":"bid4service-api","timestamp":"2025-11-27 11:31:25"}
{"level":"info","message":"🚀 Server running in development mode on port 5000","service":"bid4service-api","timestamp":"2025-11-27 11:36:19"}
{"level":"info","message":"📚 API Documentation available at http://localhost:5000/api-docs","service":"bid4service-api","timestamp":"2025-11-27 11:36:19"}
{"level":"info","message":"🚀 Server running in development mode on port 5000","service":"bid4service-api","timestamp":"2025-11-27 11:36:37"}
{"level":"info","message":"📚 API Documentation available at http://localhost:5000/api-docs","service":"bid4service-api","timestamp":"2025-11-27 11:36:37"}
{"level":"info","message":"🚀 Server running in development mode on port 5000","service":"bid4service-api","timestamp":"2025-11-27 11:41:25"}
{"level":"info","message":"📚 API Documentation available at http://localhost:5000/api-docs","service":"bid4service-api","timestamp":"2025-11-27 11:41:25"}
{"level":"info","message":"🚀 Server running in development mode on port 5000","service":"bid4service-api","timestamp":"2025-11-27 11:41:34"}
{"level":"info","message":"📚 API Documentation available at http://localhost:5000/api-docs","service":"bid4service-api","timestamp":"2025-11-27 11:41:34"}
